<?xml version="1.0" encoding="UTF-8"?>
<testng-results skipped="0" failed="0" ignored="0" total="1" passed="1">
  <reporter-output>
  </reporter-output>
  <suite name="Default suite" duration-ms="16373" started-at="2019-10-24T09:08:33Z" finished-at="2019-10-24T09:08:49Z">
    <groups>
    </groups>
    <test name="Default test" duration-ms="16373" started-at="2019-10-24T09:08:33Z" finished-at="2019-10-24T09:08:49Z">
      <class name="com.training.sanity.tests.ForgotPwdUFM_003">
        <test-method status="PASS" signature="setUpBeforeClass()[pri:0, instance:com.training.sanity.tests.ForgotPwdUFM_003@55f3ddb1]" name="setUpBeforeClass" is-config="true" duration-ms="16" started-at="2019-10-24T09:08:33Z" finished-at="2019-10-24T09:08:33Z">
          <reporter-output>
          </reporter-output>
        </test-method> <!-- setUpBeforeClass -->
        <test-method status="PASS" signature="setUp()[pri:0, instance:com.training.sanity.tests.ForgotPwdUFM_003@55f3ddb1]" name="setUp" is-config="true" duration-ms="11626" started-at="2019-10-24T09:08:33Z" finished-at="2019-10-24T09:08:44Z">
          <reporter-output>
          </reporter-output>
        </test-method> <!-- setUp -->
        <test-method status="PASS" signature="ForgotpwdTest()[pri:0, instance:com.training.sanity.tests.ForgotPwdUFM_003@55f3ddb1]" name="ForgotpwdTest" duration-ms="3725" started-at="2019-10-24T09:08:44Z" finished-at="2019-10-24T09:08:48Z">
          <reporter-output>
          </reporter-output>
        </test-method> <!-- ForgotpwdTest -->
        <test-method status="PASS" signature="tearDown()[pri:0, instance:com.training.sanity.tests.ForgotPwdUFM_003@55f3ddb1]" name="tearDown" is-config="true" duration-ms="1000" started-at="2019-10-24T09:08:48Z" finished-at="2019-10-24T09:08:49Z">
          <reporter-output>
          </reporter-output>
        </test-method> <!-- tearDown -->
      </class> <!-- com.training.sanity.tests.ForgotPwdUFM_003 -->
    </test> <!-- Default test -->
  </suite> <!-- Default suite -->
</testng-results>
